{"C:\\Users\\olive\\Computing-projects\\hive-minds\\helpers\\randomChoice.js": {"path":"C:\\Users\\olive\\Computing-projects\\hive-minds\\helpers\\randomChoice.js","statementMap":{"0":{"start":{"line":3,"column":16},"end":{"line":3,"column":54}},"1":{"start":{"line":4,"column":4},"end":{"line":4,"column":22}},"2":{"start":{"line":7,"column":0},"end":{"line":7,"column":30}}},"fnMap":{"0":{"name":"randomChoice","decl":{"start":{"line":1,"column":9},"end":{"line":1,"column":21}},"loc":{"start":{"line":1,"column":27},"end":{"line":5,"column":1}},"line":1}},"branchMap":{},"s":{"0":1,"1":1,"2":1},"f":{"0":1},"b":{},"_coverageSchema":"1a1c01bbd47fc00a2c39e90264f33305004495a9","hash":"9dabadd192e8b83cb7e3f342e484a30a3fa47712"}
,"C:\\Users\\olive\\Computing-projects\\hive-minds\\server\\controllers\\user.js": {"path":"C:\\Users\\olive\\Computing-projects\\hive-minds\\server\\controllers\\user.js","statementMap":{"0":{"start":{"line":1,"column":15},"end":{"line":1,"column":32}},"1":{"start":{"line":2,"column":12},"end":{"line":2,"column":35}},"2":{"start":{"line":3,"column":13},"end":{"line":3,"column":38}},"3":{"start":{"line":7,"column":2},"end":{"line":19,"column":3}},"4":{"start":{"line":8,"column":17},"end":{"line":8,"column":25}},"5":{"start":{"line":10,"column":17},"end":{"line":10,"column":79}},"6":{"start":{"line":12,"column":4},"end":{"line":12,"column":59}},"7":{"start":{"line":14,"column":20},"end":{"line":14,"column":43}},"8":{"start":{"line":16,"column":4},"end":{"line":16,"column":34}},"9":{"start":{"line":18,"column":4},"end":{"line":18,"column":47}},"10":{"start":{"line":24,"column":30},"end":{"line":24,"column":38}},"11":{"start":{"line":26,"column":2},"end":{"line":54,"column":3}},"12":{"start":{"line":27,"column":17},"end":{"line":27,"column":45}},"13":{"start":{"line":29,"column":4},"end":{"line":31,"column":5}},"14":{"start":{"line":30,"column":6},"end":{"line":30,"column":72}},"15":{"start":{"line":33,"column":18},"end":{"line":33,"column":63}},"16":{"start":{"line":35,"column":4},"end":{"line":37,"column":5}},"17":{"start":{"line":36,"column":6},"end":{"line":36,"column":72}},"18":{"start":{"line":39,"column":18},"end":{"line":46,"column":5}},"19":{"start":{"line":48,"column":4},"end":{"line":51,"column":7}},"20":{"start":{"line":53,"column":4},"end":{"line":53,"column":47}},"21":{"start":{"line":58,"column":2},"end":{"line":63,"column":3}},"22":{"start":{"line":59,"column":21},"end":{"line":59,"column":45}},"23":{"start":{"line":60,"column":4},"end":{"line":60,"column":35}},"24":{"start":{"line":62,"column":4},"end":{"line":62,"column":47}},"25":{"start":{"line":66,"column":0},"end":{"line":70,"column":2}}},"fnMap":{"0":{"name":"register","decl":{"start":{"line":6,"column":15},"end":{"line":6,"column":23}},"loc":{"start":{"line":6,"column":34},"end":{"line":20,"column":1}},"line":6},"1":{"name":"login","decl":{"start":{"line":23,"column":15},"end":{"line":23,"column":20}},"loc":{"start":{"line":23,"column":31},"end":{"line":55,"column":1}},"line":23},"2":{"name":"getStudents","decl":{"start":{"line":57,"column":15},"end":{"line":57,"column":26}},"loc":{"start":{"line":57,"column":37},"end":{"line":64,"column":1}},"line":57}},"branchMap":{"0":{"loc":{"start":{"line":29,"column":4},"end":{"line":31,"column":5}},"type":"if","locations":[{"start":{"line":29,"column":4},"end":{"line":31,"column":5}},{"start":{},"end":{}}],"line":29},"1":{"loc":{"start":{"line":35,"column":4},"end":{"line":37,"column":5}},"type":"if","locations":[{"start":{"line":35,"column":4},"end":{"line":37,"column":5}},{"start":{},"end":{}}],"line":35}},"s":{"0":1,"1":1,"2":1,"3":2,"4":2,"5":2,"6":1,"7":1,"8":1,"9":1,"10":4,"11":4,"12":4,"13":3,"14":1,"15":2,"16":2,"17":1,"18":1,"19":1,"20":1,"21":0,"22":0,"23":0,"24":0,"25":1},"f":{"0":2,"1":4,"2":0},"b":{"0":[1,2],"1":[1,1]},"_coverageSchema":"1a1c01bbd47fc00a2c39e90264f33305004495a9","hash":"0c25894341610d5e181fcc7075f976ef2fadc444"}
,"C:\\Users\\olive\\Computing-projects\\hive-minds\\server\\db\\connect.js": {"path":"C:\\Users\\olive\\Computing-projects\\hive-minds\\server\\db\\connect.js","statementMap":{"0":{"start":{"line":1,"column":0},"end":{"line":1,"column":27}},"1":{"start":{"line":2,"column":17},"end":{"line":2,"column":30}},"2":{"start":{"line":3,"column":11},"end":{"line":5,"column":2}},"3":{"start":{"line":6,"column":0},"end":{"line":6,"column":19}}},"fnMap":{},"branchMap":{},"s":{"0":4,"1":4,"2":4,"3":4},"f":{},"b":{},"_coverageSchema":"1a1c01bbd47fc00a2c39e90264f33305004495a9","hash":"c5830ee58c7960da5d44d0cbab0140072ea75031"}
,"C:\\Users\\olive\\Computing-projects\\hive-minds\\server\\models\\Mcq.js": {"path":"C:\\Users\\olive\\Computing-projects\\hive-minds\\server\\models\\Mcq.js","statementMap":{"0":{"start":{"line":1,"column":11},"end":{"line":1,"column":35}},"1":{"start":{"line":2,"column":21},"end":{"line":2,"column":58}},"2":{"start":{"line":6,"column":8},"end":{"line":6,"column":21}},"3":{"start":{"line":7,"column":8},"end":{"line":7,"column":43}},"4":{"start":{"line":8,"column":8},"end":{"line":8,"column":29}},"5":{"start":{"line":9,"column":8},"end":{"line":9,"column":37}},"6":{"start":{"line":10,"column":8},"end":{"line":10,"column":37}},"7":{"start":{"line":11,"column":8},"end":{"line":11,"column":41}},"8":{"start":{"line":12,"column":8},"end":{"line":12,"column":39}},"9":{"start":{"line":16,"column":25},"end":{"line":16,"column":70}},"10":{"start":{"line":18,"column":24},"end":{"line":18,"column":64}},"11":{"start":{"line":18,"column":51},"end":{"line":18,"column":63}},"12":{"start":{"line":19,"column":30},"end":{"line":19,"column":80}},"13":{"start":{"line":19,"column":54},"end":{"line":19,"column":79}},"14":{"start":{"line":20,"column":8},"end":{"line":22,"column":9}},"15":{"start":{"line":21,"column":12},"end":{"line":21,"column":52}},"16":{"start":{"line":23,"column":8},"end":{"line":23,"column":43}},"17":{"start":{"line":27,"column":0},"end":{"line":27,"column":21}}},"fnMap":{"0":{"name":"(anonymous_0)","decl":{"start":{"line":5,"column":4},"end":{"line":5,"column":5}},"loc":{"start":{"line":5,"column":96},"end":{"line":13,"column":5}},"line":5},"1":{"name":"(anonymous_1)","decl":{"start":{"line":15,"column":4},"end":{"line":15,"column":5}},"loc":{"start":{"line":15,"column":45},"end":{"line":24,"column":5}},"line":15},"2":{"name":"(anonymous_2)","decl":{"start":{"line":18,"column":42},"end":{"line":18,"column":43}},"loc":{"start":{"line":18,"column":51},"end":{"line":18,"column":63}},"line":18},"3":{"name":"(anonymous_3)","decl":{"start":{"line":19,"column":45},"end":{"line":19,"column":46}},"loc":{"start":{"line":19,"column":54},"end":{"line":19,"column":79}},"line":19}},"branchMap":{"0":{"loc":{"start":{"line":15,"column":31},"end":{"line":15,"column":43}},"type":"default-arg","locations":[{"start":{"line":15,"column":41},"end":{"line":15,"column":43}}],"line":15},"1":{"loc":{"start":{"line":20,"column":8},"end":{"line":22,"column":9}},"type":"if","locations":[{"start":{"line":20,"column":8},"end":{"line":22,"column":9}},{"start":{},"end":{}}],"line":20}},"s":{"0":1,"1":1,"2":3,"3":3,"4":3,"5":3,"6":3,"7":3,"8":3,"9":2,"10":2,"11":3,"12":2,"13":3,"14":2,"15":1,"16":1,"17":1},"f":{"0":3,"1":2,"2":3,"3":3},"b":{"0":[2],"1":[1,1]},"_coverageSchema":"1a1c01bbd47fc00a2c39e90264f33305004495a9","hash":"a1e90f013533798789f483148807c6d6834d5512"}
,"C:\\Users\\olive\\Computing-projects\\hive-minds\\server\\models\\Result.js": {"path":"C:\\Users\\olive\\Computing-projects\\hive-minds\\server\\models\\Result.js","statementMap":{"0":{"start":{"line":1,"column":11},"end":{"line":1,"column":35}},"1":{"start":{"line":4,"column":8},"end":{"line":4,"column":21}},"2":{"start":{"line":5,"column":8},"end":{"line":5,"column":25}},"3":{"start":{"line":6,"column":8},"end":{"line":6,"column":29}},"4":{"start":{"line":7,"column":8},"end":{"line":7,"column":25}},"5":{"start":{"line":8,"column":8},"end":{"line":8,"column":31}},"6":{"start":{"line":12,"column":21},"end":{"line":12,"column":188}},"7":{"start":{"line":13,"column":8},"end":{"line":15,"column":9}},"8":{"start":{"line":14,"column":12},"end":{"line":14,"column":52}},"9":{"start":{"line":16,"column":8},"end":{"line":16,"column":55}},"10":{"start":{"line":16,"column":38},"end":{"line":16,"column":53}},"11":{"start":{"line":22,"column":8},"end":{"line":24,"column":9}},"12":{"start":{"line":23,"column":12},"end":{"line":23,"column":49}},"13":{"start":{"line":26,"column":8},"end":{"line":28,"column":9}},"14":{"start":{"line":27,"column":8},"end":{"line":27,"column":44}},"15":{"start":{"line":30,"column":21},"end":{"line":30,"column":168}},"16":{"start":{"line":31,"column":8},"end":{"line":31,"column":40}},"17":{"start":{"line":36,"column":0},"end":{"line":36,"column":24}}},"fnMap":{"0":{"name":"(anonymous_0)","decl":{"start":{"line":3,"column":4},"end":{"line":3,"column":5}},"loc":{"start":{"line":3,"column":51},"end":{"line":9,"column":5}},"line":3},"1":{"name":"(anonymous_1)","decl":{"start":{"line":10,"column":4},"end":{"line":10,"column":5}},"loc":{"start":{"line":10,"column":26},"end":{"line":18,"column":5}},"line":10},"2":{"name":"(anonymous_2)","decl":{"start":{"line":16,"column":29},"end":{"line":16,"column":30}},"loc":{"start":{"line":16,"column":38},"end":{"line":16,"column":53}},"line":16},"3":{"name":"(anonymous_3)","decl":{"start":{"line":20,"column":4},"end":{"line":20,"column":5}},"loc":{"start":{"line":20,"column":30},"end":{"line":32,"column":5}},"line":20}},"branchMap":{"0":{"loc":{"start":{"line":13,"column":8},"end":{"line":15,"column":9}},"type":"if","locations":[{"start":{"line":13,"column":8},"end":{"line":15,"column":9}},{"start":{},"end":{}}],"line":13},"1":{"loc":{"start":{"line":22,"column":8},"end":{"line":24,"column":9}},"type":"if","locations":[{"start":{"line":22,"column":8},"end":{"line":24,"column":9}},{"start":{},"end":{}}],"line":22},"2":{"loc":{"start":{"line":26,"column":8},"end":{"line":28,"column":9}},"type":"if","locations":[{"start":{"line":26,"column":8},"end":{"line":28,"column":9}},{"start":{},"end":{}}],"line":26}},"s":{"0":1,"1":4,"2":4,"3":4,"4":4,"5":4,"6":2,"7":2,"8":1,"9":1,"10":3,"11":2,"12":1,"13":1,"14":0,"15":1,"16":1,"17":1},"f":{"0":4,"1":2,"2":3,"3":2},"b":{"0":[1,1],"1":[1,1],"2":[0,1]},"_coverageSchema":"1a1c01bbd47fc00a2c39e90264f33305004495a9","hash":"0eb8ba21e918dad121fb5fd65c71954083d6dce2"}
,"C:\\Users\\olive\\Computing-projects\\hive-minds\\server\\models\\User.js": {"path":"C:\\Users\\olive\\Computing-projects\\hive-minds\\server\\models\\User.js","statementMap":{"0":{"start":{"line":1,"column":11},"end":{"line":1,"column":35}},"1":{"start":{"line":14,"column":4},"end":{"line":14,"column":17}},"2":{"start":{"line":15,"column":4},"end":{"line":15,"column":31}},"3":{"start":{"line":16,"column":4},"end":{"line":16,"column":29}},"4":{"start":{"line":17,"column":4},"end":{"line":17,"column":23}},"5":{"start":{"line":18,"column":4},"end":{"line":18,"column":29}},"6":{"start":{"line":19,"column":4},"end":{"line":19,"column":25}},"7":{"start":{"line":20,"column":4},"end":{"line":20,"column":31}},"8":{"start":{"line":21,"column":4},"end":{"line":21,"column":21}},"9":{"start":{"line":25,"column":19},"end":{"line":27,"column":6}},"10":{"start":{"line":28,"column":4},"end":{"line":30,"column":5}},"11":{"start":{"line":29,"column":6},"end":{"line":29,"column":43}},"12":{"start":{"line":32,"column":4},"end":{"line":44,"column":6}},"13":{"start":{"line":34,"column":8},"end":{"line":43,"column":9}},"14":{"start":{"line":48,"column":19},"end":{"line":50,"column":6}},"15":{"start":{"line":52,"column":4},"end":{"line":54,"column":5}},"16":{"start":{"line":53,"column":6},"end":{"line":53,"column":40}},"17":{"start":{"line":56,"column":16},"end":{"line":56,"column":30}},"18":{"start":{"line":58,"column":4},"end":{"line":67,"column":6}},"19":{"start":{"line":72,"column":6},"end":{"line":72,"column":10}},"20":{"start":{"line":73,"column":4},"end":{"line":83,"column":5}},"21":{"start":{"line":82,"column":6},"end":{"line":82,"column":49}},"22":{"start":{"line":85,"column":19},"end":{"line":91,"column":5}},"23":{"start":{"line":93,"column":16},"end":{"line":93,"column":30}},"24":{"start":{"line":95,"column":4},"end":{"line":104,"column":6}},"25":{"start":{"line":107,"column":0},"end":{"line":107,"column":22}}},"fnMap":{"0":{"name":"(anonymous_0)","decl":{"start":{"line":4,"column":2},"end":{"line":4,"column":3}},"loc":{"start":{"line":13,"column":4},"end":{"line":22,"column":3}},"line":13},"1":{"name":"(anonymous_1)","decl":{"start":{"line":24,"column":2},"end":{"line":24,"column":3}},"loc":{"start":{"line":24,"column":29},"end":{"line":45,"column":3}},"line":24},"2":{"name":"(anonymous_2)","decl":{"start":{"line":33,"column":6},"end":{"line":33,"column":7}},"loc":{"start":{"line":34,"column":8},"end":{"line":43,"column":9}},"line":34},"3":{"name":"(anonymous_3)","decl":{"start":{"line":47,"column":2},"end":{"line":47,"column":3}},"loc":{"start":{"line":47,"column":33},"end":{"line":68,"column":3}},"line":47},"4":{"name":"(anonymous_4)","decl":{"start":{"line":70,"column":2},"end":{"line":70,"column":3}},"loc":{"start":{"line":70,"column":28},"end":{"line":105,"column":3}},"line":70}},"branchMap":{"0":{"loc":{"start":{"line":28,"column":4},"end":{"line":30,"column":5}},"type":"if","locations":[{"start":{"line":28,"column":4},"end":{"line":30,"column":5}},{"start":{},"end":{}}],"line":28},"1":{"loc":{"start":{"line":52,"column":4},"end":{"line":54,"column":5}},"type":"if","locations":[{"start":{"line":52,"column":4},"end":{"line":54,"column":5}},{"start":{},"end":{}}],"line":52},"2":{"loc":{"start":{"line":73,"column":4},"end":{"line":83,"column":5}},"type":"if","locations":[{"start":{"line":73,"column":4},"end":{"line":83,"column":5}},{"start":{},"end":{}}],"line":73},"3":{"loc":{"start":{"line":74,"column":6},"end":{"line":80,"column":11}},"type":"binary-expr","locations":[{"start":{"line":74,"column":6},"end":{"line":74,"column":16}},{"start":{"line":75,"column":6},"end":{"line":75,"column":15}},{"start":{"line":76,"column":6},"end":{"line":76,"column":12}},{"start":{"line":77,"column":6},"end":{"line":77,"column":15}},{"start":{"line":78,"column":6},"end":{"line":78,"column":13}},{"start":{"line":79,"column":6},"end":{"line":79,"column":16}},{"start":{"line":80,"column":6},"end":{"line":80,"column":11}}],"line":74}},"s":{"0":2,"1":3,"2":3,"3":3,"4":3,"5":3,"6":3,"7":3,"8":3,"9":2,"10":2,"11":1,"12":1,"13":1,"14":2,"15":2,"16":1,"17":1,"18":1,"19":2,"20":2,"21":1,"22":1,"23":1,"24":1,"25":2},"f":{"0":3,"1":2,"2":1,"3":2,"4":2},"b":{"0":[1,1],"1":[1,1],"2":[1,1],"3":[2,2,1,1,1,1,1]},"_coverageSchema":"1a1c01bbd47fc00a2c39e90264f33305004495a9","hash":"74352cf2df6ba53b792dba76d959598eb420b6c1"}
}
