TN:
SF:helpers\randomChoice.js
FN:1,randomChoice
FNF:1
FNH:1
FNDA:1,randomChoice
DA:3,1
DA:4,1
DA:7,1
LF:3
LH:3
BRF:0
BRH:0
end_of_record
TN:
SF:server\controllers\user.js
FN:6,register
FN:23,login
FN:57,getStudents
FNF:3
FNH:2
FNDA:2,register
FNDA:4,login
FNDA:0,getStudents
DA:1,1
DA:2,1
DA:3,1
DA:7,2
DA:8,2
DA:10,2
DA:12,1
DA:14,1
DA:16,1
DA:18,1
DA:24,4
DA:26,4
DA:27,4
DA:29,3
DA:30,1
DA:33,2
DA:35,2
DA:36,1
DA:39,1
DA:48,1
DA:53,1
DA:58,0
DA:59,0
DA:60,0
DA:62,0
DA:66,1
LF:26
LH:22
BRDA:29,0,0,1
BRDA:29,0,1,2
BRDA:35,1,0,1
BRDA:35,1,1,1
BRF:4
BRH:4
end_of_record
TN:
SF:server\db\connect.js
FNF:0
FNH:0
DA:1,4
DA:2,4
DA:3,4
DA:6,4
LF:4
LH:4
BRF:0
BRH:0
end_of_record
TN:
SF:server\models\Mcq.js
FN:5,(anonymous_0)
FN:15,(anonymous_1)
FN:18,(anonymous_2)
FN:19,(anonymous_3)
FNF:4
FNH:4
FNDA:3,(anonymous_0)
FNDA:2,(anonymous_1)
FNDA:3,(anonymous_2)
FNDA:3,(anonymous_3)
DA:1,1
DA:2,1
DA:6,3
DA:7,3
DA:8,3
DA:9,3
DA:10,3
DA:11,3
DA:12,3
DA:16,2
DA:18,3
DA:19,3
DA:20,2
DA:21,1
DA:23,1
DA:27,1
LF:16
LH:16
BRDA:15,0,0,2
BRDA:20,1,0,1
BRDA:20,1,1,1
BRF:3
BRH:3
end_of_record
TN:
SF:server\models\Result.js
FN:3,(anonymous_0)
FN:10,(anonymous_1)
FN:16,(anonymous_2)
FN:20,(anonymous_3)
FNF:4
FNH:4
FNDA:4,(anonymous_0)
FNDA:2,(anonymous_1)
FNDA:3,(anonymous_2)
FNDA:2,(anonymous_3)
DA:1,1
DA:4,4
DA:5,4
DA:6,4
DA:7,4
DA:8,4
DA:12,2
DA:13,2
DA:14,1
DA:16,3
DA:22,2
DA:23,1
DA:26,1
DA:27,0
DA:30,1
DA:31,1
DA:36,1
LF:17
LH:16
BRDA:13,0,0,1
BRDA:13,0,1,1
BRDA:22,1,0,1
BRDA:22,1,1,1
BRDA:26,2,0,0
BRDA:26,2,1,1
BRF:6
BRH:5
end_of_record
TN:
SF:server\models\User.js
FN:4,(anonymous_0)
FN:24,(anonymous_1)
FN:33,(anonymous_2)
FN:47,(anonymous_3)
FN:70,(anonymous_4)
FNF:5
FNH:5
FNDA:3,(anonymous_0)
FNDA:2,(anonymous_1)
FNDA:1,(anonymous_2)
FNDA:2,(anonymous_3)
FNDA:2,(anonymous_4)
DA:1,2
DA:14,3
DA:15,3
DA:16,3
DA:17,3
DA:18,3
DA:19,3
DA:20,3
DA:21,3
DA:25,2
DA:28,2
DA:29,1
DA:32,1
DA:34,1
DA:48,2
DA:52,2
DA:53,1
DA:56,1
DA:58,1
DA:72,2
DA:73,2
DA:82,1
DA:85,1
DA:93,1
DA:95,1
DA:107,2
LF:26
LH:26
BRDA:28,0,0,1
BRDA:28,0,1,1
BRDA:52,1,0,1
BRDA:52,1,1,1
BRDA:73,2,0,1
BRDA:73,2,1,1
BRDA:74,3,0,2
BRDA:74,3,1,2
BRDA:74,3,2,1
BRDA:74,3,3,1
BRDA:74,3,4,1
BRDA:74,3,5,1
BRDA:74,3,6,1
BRF:13
BRH:13
end_of_record
